This is pdfTeX, Version 3.14159265-2.6-1.40.18 (TeX Live 2017/Debian) (preloaded format=pdflatex 2019.6.21)  24 JAN 2020 12:43
entering extended mode
 restricted \write18 enabled.
 %&-line parsing enabled.
**cap1TermImp.tex
(./cap1TermImp.tex
LaTeX2e <2017-04-15>
Babel <3.18> and hyphenation patterns for 8 language(s) loaded.
(/usr/share/texlive/texmf-dist/tex/latex/base/article.cls
Document Class: article 2014/09/29 v1.4h Standard LaTeX document class
(/usr/share/texlive/texmf-dist/tex/latex/base/size12.clo
File: size12.clo 2014/09/29 v1.4h Standard LaTeX file (size option)
)
\c@part=\count79
\c@section=\count80
\c@subsection=\count81
\c@subsubsection=\count82
\c@paragraph=\count83
\c@subparagraph=\count84
\c@figure=\count85
\c@table=\count86
\abovecaptionskip=\skip41
\belowcaptionskip=\skip42
\bibindent=\dimen102
)
(/usr/share/texlive/texmf-dist/tex/latex/geometry/geometry.sty
Package: geometry 2010/09/12 v5.6 Page Geometry

(/usr/share/texlive/texmf-dist/tex/latex/graphics/keyval.sty
Package: keyval 2014/10/28 v1.15 key=value parser (DPC)
\KV@toks@=\toks14
)
(/usr/share/texlive/texmf-dist/tex/generic/oberdiek/ifpdf.sty
Package: ifpdf 2017/03/15 v3.2 Provides the ifpdf switch
)
(/usr/share/texlive/texmf-dist/tex/generic/oberdiek/ifvtex.sty
Package: ifvtex 2016/05/16 v1.6 Detect VTeX and its facilities (HO)
Package ifvtex Info: VTeX not detected.
)
(/usr/share/texlive/texmf-dist/tex/generic/ifxetex/ifxetex.sty
Package: ifxetex 2010/09/12 v0.6 Provides ifxetex conditional
)
\Gm@cnth=\count87
\Gm@cntv=\count88
\c@Gm@tempcnt=\count89
\Gm@bindingoffset=\dimen103
\Gm@wd@mp=\dimen104
\Gm@odd@mp=\dimen105
\Gm@even@mp=\dimen106
\Gm@layoutwidth=\dimen107
\Gm@layoutheight=\dimen108
\Gm@layouthoffset=\dimen109
\Gm@layoutvoffset=\dimen110
\Gm@dimlist=\toks15
)
(/usr/share/texlive/texmf-dist/tex/generic/babel/babel.sty
Package: babel 2018/02/14 3.18 The Babel package

(/usr/share/texlive/texmf-dist/tex/generic/babel/switch.def
File: switch.def 2018/02/14 3.18 Babel switching mechanism
)
(/usr/share/texlive/texmf-dist/tex/generic/babel-portuges/portuges.ldf
Language: portuges 2008/03/18 v1.2q Portuguese support from the babel system

(/usr/share/texlive/texmf-dist/tex/generic/babel/babel.def
File: babel.def 2018/02/14 3.18 Babel common definitions
\babel@savecnt=\count90
\U@D=\dimen111

(/usr/share/texlive/texmf-dist/tex/generic/babel/txtbabel.def)
\bbl@dirlevel=\count91
)
\l@brazil = a dialect from \language\l@portuges 
Package babel Info: Making " an active character on input line 145.
))
(/usr/share/texlive/texmf-dist/tex/latex/base/inputenc.sty
Package: inputenc 2015/03/17 v1.2c Input encoding file
\inpenc@prehook=\toks16
\inpenc@posthook=\toks17

(/usr/share/texlive/texmf-dist/tex/latex/base/utf8.def
File: utf8.def 2017/01/28 v1.1t UTF-8 support for inputenc
Now handling font encoding OML ...
... no UTF-8 mapping file for font encoding OML
Now handling font encoding T1 ...
... processing UTF-8 mapping file for font encoding T1

(/usr/share/texlive/texmf-dist/tex/latex/base/t1enc.dfu
File: t1enc.dfu 2017/01/28 v1.1t UTF-8 support for inputenc
   defining Unicode char U+00A0 (decimal 160)
   defining Unicode char U+00A1 (decimal 161)
   defining Unicode char U+00A3 (decimal 163)
   defining Unicode char U+00AB (decimal 171)
   defining Unicode char U+00AD (decimal 173)
   defining Unicode char U+00BB (decimal 187)
   defining Unicode char U+00BF (decimal 191)
   defining Unicode char U+00C0 (decimal 192)
   defining Unicode char U+00C1 (decimal 193)
   defining Unicode char U+00C2 (decimal 194)
   defining Unicode char U+00C3 (decimal 195)
   defining Unicode char U+00C4 (decimal 196)
   defining Unicode char U+00C5 (decimal 197)
   defining Unicode char U+00C6 (decimal 198)
   defining Unicode char U+00C7 (decimal 199)
   defining Unicode char U+00C8 (decimal 200)
   defining Unicode char U+00C9 (decimal 201)
   defining Unicode char U+00CA (decimal 202)
   defining Unicode char U+00CB (decimal 203)
   defining Unicode char U+00CC (decimal 204)
   defining Unicode char U+00CD (decimal 205)
   defining Unicode char U+00CE (decimal 206)
   defining Unicode char U+00CF (decimal 207)
   defining Unicode char U+00D0 (decimal 208)
   defining Unicode char U+00D1 (decimal 209)
   defining Unicode char U+00D2 (decimal 210)
   defining Unicode char U+00D3 (decimal 211)
   defining Unicode char U+00D4 (decimal 212)
   defining Unicode char U+00D5 (decimal 213)
   defining Unicode char U+00D6 (decimal 214)
   defining Unicode char U+00D8 (decimal 216)
   defining Unicode char U+00D9 (decimal 217)
   defining Unicode char U+00DA (decimal 218)
   defining Unicode char U+00DB (decimal 219)
   defining Unicode char U+00DC (decimal 220)
   defining Unicode char U+00DD (decimal 221)
   defining Unicode char U+00DE (decimal 222)
   defining Unicode char U+00DF (decimal 223)
   defining Unicode char U+00E0 (decimal 224)
   defining Unicode char U+00E1 (decimal 225)
   defining Unicode char U+00E2 (decimal 226)
   defining Unicode char U+00E3 (decimal 227)
   defining Unicode char U+00E4 (decimal 228)
   defining Unicode char U+00E5 (decimal 229)
   defining Unicode char U+00E6 (decimal 230)
   defining Unicode char U+00E7 (decimal 231)
   defining Unicode char U+00E8 (decimal 232)
   defining Unicode char U+00E9 (decimal 233)
   defining Unicode char U+00EA (decimal 234)
   defining Unicode char U+00EB (decimal 235)
   defining Unicode char U+00EC (decimal 236)
   defining Unicode char U+00ED (decimal 237)
   defining Unicode char U+00EE (decimal 238)
   defining Unicode char U+00EF (decimal 239)
   defining Unicode char U+00F0 (decimal 240)
   defining Unicode char U+00F1 (decimal 241)
   defining Unicode char U+00F2 (decimal 242)
   defining Unicode char U+00F3 (decimal 243)
   defining Unicode char U+00F4 (decimal 244)
   defining Unicode char U+00F5 (decimal 245)
   defining Unicode char U+00F6 (decimal 246)
   defining Unicode char U+00F8 (decimal 248)
   defining Unicode char U+00F9 (decimal 249)
   defining Unicode char U+00FA (decimal 250)
   defining Unicode char U+00FB (decimal 251)
   defining Unicode char U+00FC (decimal 252)
   defining Unicode char U+00FD (decimal 253)
   defining Unicode char U+00FE (decimal 254)
   defining Unicode char U+00FF (decimal 255)
   defining Unicode char U+0100 (decimal 256)
   defining Unicode char U+0101 (decimal 257)
   defining Unicode char U+0102 (decimal 258)
   defining Unicode char U+0103 (decimal 259)
   defining Unicode char U+0104 (decimal 260)
   defining Unicode char U+0105 (decimal 261)
   defining Unicode char U+0106 (decimal 262)
   defining Unicode char U+0107 (decimal 263)
   defining Unicode char U+0108 (decimal 264)
   defining Unicode char U+0109 (decimal 265)
   defining Unicode char U+010A (decimal 266)
   defining Unicode char U+010B (decimal 267)
   defining Unicode char U+010C (decimal 268)
   defining Unicode char U+010D (decimal 269)
   defining Unicode char U+010E (decimal 270)
   defining Unicode char U+010F (decimal 271)
   defining Unicode char U+0110 (decimal 272)
   defining Unicode char U+0111 (decimal 273)
   defining Unicode char U+0112 (decimal 274)
   defining Unicode char U+0113 (decimal 275)
   defining Unicode char U+0114 (decimal 276)
   defining Unicode char U+0115 (decimal 277)
   defining Unicode char U+0116 (decimal 278)
   defining Unicode char U+0117 (decimal 279)
   defining Unicode char U+0118 (decimal 280)
   defining Unicode char U+0119 (decimal 281)
   defining Unicode char U+011A (decimal 282)
   defining Unicode char U+011B (decimal 283)
   defining Unicode char U+011C (decimal 284)
   defining Unicode char U+011D (decimal 285)
   defining Unicode char U+011E (decimal 286)
   defining Unicode char U+011F (decimal 287)
   defining Unicode char U+0120 (decimal 288)
   defining Unicode char U+0121 (decimal 289)
   defining Unicode char U+0122 (decimal 290)
   defining Unicode char U+0123 (decimal 291)
   defining Unicode char U+0124 (decimal 292)
   defining Unicode char U+0125 (decimal 293)
   defining Unicode char U+0128 (decimal 296)
   defining Unicode char U+0129 (decimal 297)
   defining Unicode char U+012A (decimal 298)
   defining Unicode char U+012B (decimal 299)
   defining Unicode char U+012C (decimal 300)
   defining Unicode char U+012D (decimal 301)
   defining Unicode char U+012E (decimal 302)
   defining Unicode char U+012F (decimal 303)
   defining Unicode char U+0130 (decimal 304)
   defining Unicode char U+0131 (decimal 305)
   defining Unicode char U+0132 (decimal 306)
   defining Unicode char U+0133 (decimal 307)
   defining Unicode char U+0134 (decimal 308)
   defining Unicode char U+0135 (decimal 309)
   defining Unicode char U+0136 (decimal 310)
   defining Unicode char U+0137 (decimal 311)
   defining Unicode char U+0139 (decimal 313)
   defining Unicode char U+013A (decimal 314)
   defining Unicode char U+013B (decimal 315)
   defining Unicode char U+013C (decimal 316)
   defining Unicode char U+013D (decimal 317)
   defining Unicode char U+013E (decimal 318)
   defining Unicode char U+0141 (decimal 321)
   defining Unicode char U+0142 (decimal 322)
   defining Unicode char U+0143 (decimal 323)
   defining Unicode char U+0144 (decimal 324)
   defining Unicode char U+0145 (decimal 325)
   defining Unicode char U+0146 (decimal 326)
   defining Unicode char U+0147 (decimal 327)
   defining Unicode char U+0148 (decimal 328)
   defining Unicode char U+014A (decimal 330)
   defining Unicode char U+014B (decimal 331)
   defining Unicode char U+014C (decimal 332)
   defining Unicode char U+014D (decimal 333)
   defining Unicode char U+014E (decimal 334)
   defining Unicode char U+014F (decimal 335)
   defining Unicode char U+0150 (decimal 336)
   defining Unicode char U+0151 (decimal 337)
   defining Unicode char U+0152 (decimal 338)
   defining Unicode char U+0153 (decimal 339)
   defining Unicode char U+0154 (decimal 340)
   defining Unicode char U+0155 (decimal 341)
   defining Unicode char U+0156 (decimal 342)
   defining Unicode char U+0157 (decimal 343)
   defining Unicode char U+0158 (decimal 344)
   defining Unicode char U+0159 (decimal 345)
   defining Unicode char U+015A (decimal 346)
   defining Unicode char U+015B (decimal 347)
   defining Unicode char U+015C (decimal 348)
   defining Unicode char U+015D (decimal 349)
   defining Unicode char U+015E (decimal 350)
   defining Unicode char U+015F (decimal 351)
   defining Unicode char U+0160 (decimal 352)
   defining Unicode char U+0161 (decimal 353)
   defining Unicode char U+0162 (decimal 354)
   defining Unicode char U+0163 (decimal 355)
   defining Unicode char U+0164 (decimal 356)
   defining Unicode char U+0165 (decimal 357)
   defining Unicode char U+0168 (decimal 360)
   defining Unicode char U+0169 (decimal 361)
   defining Unicode char U+016A (decimal 362)
   defining Unicode char U+016B (decimal 363)
   defining Unicode char U+016C (decimal 364)
   defining Unicode char U+016D (decimal 365)
   defining Unicode char U+016E (decimal 366)
   defining Unicode char U+016F (decimal 367)
   defining Unicode char U+0170 (decimal 368)
   defining Unicode char U+0171 (decimal 369)
   defining Unicode char U+0172 (decimal 370)
   defining Unicode char U+0173 (decimal 371)
   defining Unicode char U+0174 (decimal 372)
   defining Unicode char U+0175 (decimal 373)
   defining Unicode char U+0176 (decimal 374)
   defining Unicode char U+0177 (decimal 375)
   defining Unicode char U+0178 (decimal 376)
   defining Unicode char U+0179 (decimal 377)
   defining Unicode char U+017A (decimal 378)
   defining Unicode char U+017B (decimal 379)
   defining Unicode char U+017C (decimal 380)
   defining Unicode char U+017D (decimal 381)
   defining Unicode char U+017E (decimal 382)
   defining Unicode char U+01CD (decimal 461)
   defining Unicode char U+01CE (decimal 462)
   defining Unicode char U+01CF (decimal 463)
   defining Unicode char U+01D0 (decimal 464)
   defining Unicode char U+01D1 (decimal 465)
   defining Unicode char U+01D2 (decimal 466)
   defining Unicode char U+01D3 (decimal 467)
   defining Unicode char U+01D4 (decimal 468)
   defining Unicode char U+01E2 (decimal 482)
   defining Unicode char U+01E3 (decimal 483)
   defining Unicode char U+01E6 (decimal 486)
   defining Unicode char U+01E7 (decimal 487)
   defining Unicode char U+01E8 (decimal 488)
   defining Unicode char U+01E9 (decimal 489)
   defining Unicode char U+01EA (decimal 490)
   defining Unicode char U+01EB (decimal 491)
   defining Unicode char U+01F0 (decimal 496)
   defining Unicode char U+01F4 (decimal 500)
   defining Unicode char U+01F5 (decimal 501)
   defining Unicode char U+0218 (decimal 536)
   defining Unicode char U+0219 (decimal 537)
   defining Unicode char U+021A (decimal 538)
   defining Unicode char U+021B (decimal 539)
   defining Unicode char U+0232 (decimal 562)
   defining Unicode char U+0233 (decimal 563)
   defining Unicode char U+1E02 (decimal 7682)
   defining Unicode char U+1E03 (decimal 7683)
   defining Unicode char U+200C (decimal 8204)
   defining Unicode char U+2010 (decimal 8208)
   defining Unicode char U+2011 (decimal 8209)
   defining Unicode char U+2012 (decimal 8210)
   defining Unicode char U+2013 (decimal 8211)
   defining Unicode char U+2014 (decimal 8212)
   defining Unicode char U+2015 (decimal 8213)
   defining Unicode char U+2018 (decimal 8216)
   defining Unicode char U+2019 (decimal 8217)
   defining Unicode char U+201A (decimal 8218)
   defining Unicode char U+201C (decimal 8220)
   defining Unicode char U+201D (decimal 8221)
   defining Unicode char U+201E (decimal 8222)
   defining Unicode char U+2030 (decimal 8240)
   defining Unicode char U+2031 (decimal 8241)
   defining Unicode char U+2039 (decimal 8249)
   defining Unicode char U+203A (decimal 8250)
   defining Unicode char U+2423 (decimal 9251)
   defining Unicode char U+1E20 (decimal 7712)
   defining Unicode char U+1E21 (decimal 7713)
)
Now handling font encoding OT1 ...
... processing UTF-8 mapping file for font encoding OT1

(/usr/share/texlive/texmf-dist/tex/latex/base/ot1enc.dfu
File: ot1enc.dfu 2017/01/28 v1.1t UTF-8 support for inputenc
   defining Unicode char U+00A0 (decimal 160)
   defining Unicode char U+00A1 (decimal 161)
   defining Unicode char U+00A3 (decimal 163)
   defining Unicode char U+00AD (decimal 173)
   defining Unicode char U+00B8 (decimal 184)
   defining Unicode char U+00BF (decimal 191)
   defining Unicode char U+00C5 (decimal 197)
   defining Unicode char U+00C6 (decimal 198)
   defining Unicode char U+00D8 (decimal 216)
   defining Unicode char U+00DF (decimal 223)
   defining Unicode char U+00E6 (decimal 230)
   defining Unicode char U+00EC (decimal 236)
   defining Unicode char U+00ED (decimal 237)
   defining Unicode char U+00EE (decimal 238)
   defining Unicode char U+00EF (decimal 239)
   defining Unicode char U+00F8 (decimal 248)
   defining Unicode char U+0131 (decimal 305)
   defining Unicode char U+0141 (decimal 321)
   defining Unicode char U+0142 (decimal 322)
   defining Unicode char U+0152 (decimal 338)
   defining Unicode char U+0153 (decimal 339)
   defining Unicode char U+0174 (decimal 372)
   defining Unicode char U+0175 (decimal 373)
   defining Unicode char U+0176 (decimal 374)
   defining Unicode char U+0177 (decimal 375)
   defining Unicode char U+0218 (decimal 536)
   defining Unicode char U+0219 (decimal 537)
   defining Unicode char U+021A (decimal 538)
   defining Unicode char U+021B (decimal 539)
   defining Unicode char U+2013 (decimal 8211)
   defining Unicode char U+2014 (decimal 8212)
   defining Unicode char U+2018 (decimal 8216)
   defining Unicode char U+2019 (decimal 8217)
   defining Unicode char U+201C (decimal 8220)
   defining Unicode char U+201D (decimal 8221)
)
Now handling font encoding OMS ...
... processing UTF-8 mapping file for font encoding OMS

(/usr/share/texlive/texmf-dist/tex/latex/base/omsenc.dfu
File: omsenc.dfu 2017/01/28 v1.1t UTF-8 support for inputenc
   defining Unicode char U+00A7 (decimal 167)
   defining Unicode char U+00B6 (decimal 182)
   defining Unicode char U+00B7 (decimal 183)
   defining Unicode char U+2020 (decimal 8224)
   defining Unicode char U+2021 (decimal 8225)
   defining Unicode char U+2022 (decimal 8226)
)
Now handling font encoding OMX ...
... no UTF-8 mapping file for font encoding OMX
Now handling font encoding U ...
... no UTF-8 mapping file for font encoding U
   defining Unicode char U+00A9 (decimal 169)
   defining Unicode char U+00AA (decimal 170)
   defining Unicode char U+00AE (decimal 174)
   defining Unicode char U+00BA (decimal 186)
   defining Unicode char U+02C6 (decimal 710)
   defining Unicode char U+02DC (decimal 732)
   defining Unicode char U+200C (decimal 8204)
   defining Unicode char U+2026 (decimal 8230)
   defining Unicode char U+2122 (decimal 8482)
   defining Unicode char U+2423 (decimal 9251)
))
(/usr/share/texlive/texmf-dist/tex/latex/base/fontenc.sty
Package: fontenc 2017/04/05 v2.0i Standard LaTeX package

(/usr/share/texlive/texmf-dist/tex/latex/base/t1enc.def
File: t1enc.def 2017/04/05 v2.0i Standard LaTeX file
LaTeX Font Info:    Redeclaring font encoding T1 on input line 48.
))
(/usr/share/texlive/texmf-dist/tex/latex/amsmath/amsmath.sty
Package: amsmath 2017/09/02 v2.17a AMS math features
\@mathmargin=\skip43

For additional information on amsmath, use the `?' option.
(/usr/share/texlive/texmf-dist/tex/latex/amsmath/amstext.sty
Package: amstext 2000/06/29 v2.01 AMS text

(/usr/share/texlive/texmf-dist/tex/latex/amsmath/amsgen.sty
File: amsgen.sty 1999/11/30 v2.0 generic functions
\@emptytoks=\toks18
\ex@=\dimen112
))
(/usr/share/texlive/texmf-dist/tex/latex/amsmath/amsbsy.sty
Package: amsbsy 1999/11/29 v1.2d Bold Symbols
\pmbraise@=\dimen113
)
(/usr/share/texlive/texmf-dist/tex/latex/amsmath/amsopn.sty
Package: amsopn 2016/03/08 v2.02 operator names
)
\inf@bad=\count92
LaTeX Info: Redefining \frac on input line 213.
\uproot@=\count93
\leftroot@=\count94
LaTeX Info: Redefining \overline on input line 375.
\classnum@=\count95
\DOTSCASE@=\count96
LaTeX Info: Redefining \ldots on input line 472.
LaTeX Info: Redefining \dots on input line 475.
LaTeX Info: Redefining \cdots on input line 596.
\Mathstrutbox@=\box26
\strutbox@=\box27
\big@size=\dimen114
LaTeX Font Info:    Redeclaring font encoding OML on input line 712.
LaTeX Font Info:    Redeclaring font encoding OMS on input line 713.
\macc@depth=\count97
\c@MaxMatrixCols=\count98
\dotsspace@=\muskip10
\c@parentequation=\count99
\dspbrk@lvl=\count100
\tag@help=\toks19
\row@=\count101
\column@=\count102
\maxfields@=\count103
\andhelp@=\toks20
\eqnshift@=\dimen115
\alignsep@=\dimen116
\tagshift@=\dimen117
\tagwidth@=\dimen118
\totwidth@=\dimen119
\lineht@=\dimen120
\@envbody=\toks21
\multlinegap=\skip44
\multlinetaggap=\skip45
\mathdisplay@stack=\toks22
LaTeX Info: Redefining \[ on input line 2817.
LaTeX Info: Redefining \] on input line 2818.
)
(/usr/share/texlive/texmf-dist/tex/latex/enumitem/enumitem.sty
Package: enumitem 2011/09/28 v3.5.2 Customized lists
\labelindent=\skip46
\enit@outerparindent=\dimen121
\enit@toks=\toks23
\enit@inbox=\box28
\enitdp@description=\count104
)
(/usr/share/texlive/texmf-dist/tex/latex/graphics/graphicx.sty
Package: graphicx 2017/06/01 v1.1a Enhanced LaTeX Graphics (DPC,SPQR)

(/usr/share/texlive/texmf-dist/tex/latex/graphics/graphics.sty
Package: graphics 2017/06/25 v1.2c Standard LaTeX Graphics (DPC,SPQR)

(/usr/share/texlive/texmf-dist/tex/latex/graphics/trig.sty
Package: trig 2016/01/03 v1.10 sin cos tan (DPC)
)
(/usr/share/texlive/texmf-dist/tex/latex/graphics-cfg/graphics.cfg
File: graphics.cfg 2016/06/04 v1.11 sample graphics configuration
)
Package graphics Info: Driver file: pdftex.def on input line 99.

(/usr/share/texlive/texmf-dist/tex/latex/graphics-def/pdftex.def
File: pdftex.def 2018/01/08 v1.0l Graphics/color driver for pdftex
))
\Gin@req@height=\dimen122
\Gin@req@width=\dimen123
)
(/usr/share/texlive/texmf-dist/tex/latex/xsim/xsim.sty
(/usr/share/texlive/texmf-dist/tex/latex/l3kernel/expl3.sty
Package: expl3 2018/02/21 L3 programming layer (loader) 

(/usr/share/texlive/texmf-dist/tex/latex/l3kernel/expl3-code.tex
Package: expl3 2018/02/21 L3 programming layer (code)
\c_max_int=\count105
\l_tmpa_int=\count106
\l_tmpb_int=\count107
\g_tmpa_int=\count108
\g_tmpb_int=\count109
\g__intarray_font_int=\count110
\g__prg_map_int=\count111
\c_log_iow=\count112
\l_iow_line_count_int=\count113
\l__iow_line_target_int=\count114
\l__iow_one_indent_int=\count115
\l__iow_indent_int=\count116
\c_zero_dim=\dimen124
\c_max_dim=\dimen125
\l_tmpa_dim=\dimen126
\l_tmpb_dim=\dimen127
\g_tmpa_dim=\dimen128
\g_tmpb_dim=\dimen129
\c_zero_skip=\skip47
\c_max_skip=\skip48
\l_tmpa_skip=\skip49
\l_tmpb_skip=\skip50
\g_tmpa_skip=\skip51
\g_tmpb_skip=\skip52
\c_zero_muskip=\muskip11
\c_max_muskip=\muskip12
\l_tmpa_muskip=\muskip13
\l_tmpb_muskip=\muskip14
\g_tmpa_muskip=\muskip15
\g_tmpb_muskip=\muskip16
\l_keys_choice_int=\count117
\c__fp_leading_shift_int=\count118
\c__fp_middle_shift_int=\count119
\c__fp_trailing_shift_int=\count120
\c__fp_big_leading_shift_int=\count121
\c__fp_big_middle_shift_int=\count122
\c__fp_big_trailing_shift_int=\count123
\c__fp_Bigg_leading_shift_int=\count124
\c__fp_Bigg_middle_shift_int=\count125
\c__fp_Bigg_trailing_shift_int=\count126
\c__fp_rand_size_int=\count127
\c__fp_rand_four_int=\count128
\c__fp_rand_eight_int=\count129
\l__sort_length_int=\count130
\l__sort_min_int=\count131
\l__sort_top_int=\count132
\l__sort_max_int=\count133
\l__sort_true_max_int=\count134
\l__sort_block_int=\count135
\l__sort_begin_int=\count136
\l__sort_end_int=\count137
\l__sort_A_int=\count138
\l__sort_B_int=\count139
\l__sort_C_int=\count140
\l__tl_build_start_index_int=\count141
\l__tl_build_index_int=\count142
\l__tl_analysis_normal_int=\count143
\l__tl_analysis_index_int=\count144
\l__tl_analysis_nesting_int=\count145
\l__tl_analysis_type_int=\count146
\l__regex_internal_a_int=\count147
\l__regex_internal_b_int=\count148
\l__regex_internal_c_int=\count149
\l__regex_balance_int=\count150
\l__regex_group_level_int=\count151
\l__regex_mode_int=\count152
\c__regex_cs_in_class_mode_int=\count153
\c__regex_cs_mode_int=\count154
\l__regex_catcodes_int=\count155
\l__regex_default_catcodes_int=\count156
\c__regex_catcode_D_int=\count157
\c__regex_catcode_S_int=\count158
\c__regex_catcode_L_int=\count159
\c__regex_catcode_O_int=\count160
\c__regex_catcode_A_int=\count161
\c__regex_all_catcodes_int=\count162
\l__regex_show_lines_int=\count163
\l__regex_min_state_int=\count164
\l__regex_max_state_int=\count165
\l__regex_left_state_int=\count166
\l__regex_right_state_int=\count167
\l__regex_capturing_group_int=\count168
\l__regex_min_pos_int=\count169
\l__regex_max_pos_int=\count170
\l__regex_curr_pos_int=\count171
\l__regex_start_pos_int=\count172
\l__regex_success_pos_int=\count173
\l__regex_curr_char_int=\count174
\l__regex_curr_catcode_int=\count175
\l__regex_last_char_int=\count176
\l__regex_case_changed_char_int=\count177
\l__regex_curr_state_int=\count178
\l__regex_step_int=\count179
\l__regex_min_active_int=\count180
\l__regex_max_active_int=\count181
\l__regex_replacement_csnames_int=\count182
\l__regex_match_count_int=\count183
\l__regex_min_submatch_int=\count184
\l__regex_submatch_int=\count185
\l__regex_zeroth_submatch_int=\count186
\g__regex_trace_regex_int=\count187
\c_empty_box=\box29
\l_tmpa_box=\box30
\l_tmpb_box=\box31
\g_tmpa_box=\box32
\g_tmpb_box=\box33
\l__box_top_dim=\dimen130
\l__box_bottom_dim=\dimen131
\l__box_left_dim=\dimen132
\l__box_right_dim=\dimen133
\l__box_top_new_dim=\dimen134
\l__box_bottom_new_dim=\dimen135
\l__box_left_new_dim=\dimen136
\l__box_right_new_dim=\dimen137
\l__box_internal_box=\box34
\l__coffin_internal_box=\box35
\l__coffin_internal_dim=\dimen138
\l__coffin_offset_x_dim=\dimen139
\l__coffin_offset_y_dim=\dimen140
\l__coffin_x_dim=\dimen141
\l__coffin_y_dim=\dimen142
\l__coffin_x_prime_dim=\dimen143
\l__coffin_y_prime_dim=\dimen144
\c_empty_coffin=\box36
\l__coffin_aligned_coffin=\box37
\l__coffin_aligned_internal_coffin=\box38
\l_tmpa_coffin=\box39
\l_tmpb_coffin=\box40
\l__coffin_display_coffin=\box41
\l__coffin_display_coord_coffin=\box42
\l__coffin_display_pole_coffin=\box43
\l__coffin_display_offset_dim=\dimen145
\l__coffin_display_x_dim=\dimen146
\l__coffin_display_y_dim=\dimen147
\l__coffin_bounding_shift_dim=\dimen148
\l__coffin_left_corner_dim=\dimen149
\l__coffin_right_corner_dim=\dimen150
\l__coffin_bottom_corner_dim=\dimen151
\l__coffin_top_corner_dim=\dimen152
\l__coffin_scaled_total_height_dim=\dimen153
\l__coffin_scaled_width_dim=\dimen154
)
(/usr/share/texlive/texmf-dist/tex/latex/l3kernel/l3pdfmode.def
File: l3pdfmode.def 2017/03/18 v L3 Experimental driver: PDF mode
\l__driver_color_stack_int=\count188
\l__driver_tmp_box=\box44
))
(/usr/share/texlive/texmf-dist/tex/latex/l3packages/xparse/xparse.sty
Package: xparse 2018/02/21 L3 Experimental document command parser
\l__xparse_current_arg_int=\count189
\g__xparse_grabber_int=\count190
\l__xparse_m_args_int=\count191
\l__xparse_mandatory_args_int=\count192
\l__xparse_v_nesting_int=\count193
)
Package: xsim 2018/02/12 v0.11 eXercise Sheets IMproved

(/usr/share/texlive/texmf-dist/tex/latex/xsim/xsim.modules.code.tex
(/usr/share/texlive/texmf-dist/tex/latex/koma-script/scrlfile.sty
Package: scrlfile 2017/09/07 v3.24 KOMA-Script package (loading files)
)
.................................................
. LaTeX info: "xparse/define-command"
. 
. Defining command \XSIMmodule with sig. 'mm' on line 195.
.................................................
.................................................
. LaTeX info: "xparse/define-command"
. 
. Defining command \xsimstyle with sig. 'smO{}' on line 203.
.................................................
.................................................
. LaTeX info: "xparse/define-command"
. 
. Defining command \loadxsimstyle with sig. 'm' on line 209.
.................................................
)
\g__file_internal_ior=\read1
.................................................
. xsim info: "loading-module"
. 
. Loading module `definitions' ...
.................................................

(/usr/share/texlive/texmf-dist/tex/latex/xsim/xsim.definitions.code.tex
File: xsim.definitions.code.tex 2018/02/12 v0.11 xsim module `definitions' (def
inition of user commands)
.................................................
. xsim info: "loading-module"
. 
. Loading module `base' ...
.................................................

(/usr/share/texlive/texmf-dist/tex/latex/xsim/xsim.base.code.tex
File: xsim.base.code.tex 2018/02/12 v0.11 xsim module `base' (basic functionali
ty of the package)
.................................................
. xsim info: "loading-module"
. 
. Loading module `auxfile' ...
.................................................

(/usr/share/texlive/texmf-dist/tex/latex/xsim/xsim.auxfile.code.tex
File: xsim.auxfile.code.tex 2018/02/12 v0.11 xsim module `auxfile' (writing stu
ff to the aux file)
)
\l__xsim_tmpa_dim=\dimen155
\l__xsim_tmpb_dim=\dimen156
\l__xsim_tmpc_dim=\dimen157
\l__xsim_tmpa_int=\count194
\l__xsim_tmpb_int=\count195
\l__xsim_tmpc_int=\count196
\l__xsim_tmpa_box=\box45
\l__xsim_tmpb_box=\box46
\l__xsim_tmpc_box=\box47
)
.................................................
. xsim info: "loading-module"
. 
. Loading module `exercises' ...
.................................................

(/usr/share/texlive/texmf-dist/tex/latex/xsim/xsim.exercises.code.tex
File: xsim.exercises.code.tex 2018/02/12 v0.11 xsim module `exercises' (main ex
ercises definitions)
.................................................
. xsim info: "loading-module"
. 
. Loading module `properties' ...
.................................................

(/usr/share/texlive/texmf-dist/tex/latex/xsim/xsim.properties.code.tex
File: xsim.properties.code.tex 2018/02/12 v0.11 xsim module `properties' (prope
rties of exercises)
)
.................................................
. xsim info: "loading-module"
. 
. Loading module `environments' ...
.................................................

(/usr/share/texlive/texmf-dist/tex/latex/xsim/xsim.environments.code.tex
File: xsim.environments.code.tex 2018/02/12 v0.11 xsim module `environments' (g
eneric code for exercise and solution environments)
.................................................
. xsim info: "loading-module"
. 
. Loading module `templates' ...
.................................................

(/usr/share/texlive/texmf-dist/tex/latex/xsim/xsim.templates.code.tex
File: xsim.templates.code.tex 2018/02/12 v0.11 xsim module `templates' (propert
ies of exercises)
)
.................................................
. xsim info: "loading-module"
. 
. Loading module `verbwrite' ...
.................................................

(/usr/share/texlive/texmf-dist/tex/latex/xsim/xsim.verbwrite.code.tex
File: xsim.verbwrite.code.tex 2018/02/12 v0.11 xsim module `verbwrite' (write c
ontents of environments verbatim to files)
\l_xsim_line_gobble_int=\count197
.................................................
. LaTeX info: "xparse/define-command"
. 
. Defining command \XSIMfilewritestart with sig. 'sm' on line 194.
.................................................
.................................................
. LaTeX info: "xparse/define-command"
. 
. Defining command \XSIMfilewritestop with sig. '' on line 197.
.................................................
.................................................
. LaTeX info: "xparse/define-command"
. 
. Defining command \XSIMsetfilebegin with sig. '+m' on line 200.
.................................................
.................................................
. LaTeX info: "xparse/define-command"
. 
. Defining command \XSIMsetfileend with sig. '+m' on line 203.
.................................................
.................................................
. LaTeX info: "xparse/define-command"
. 
. Defining command \XSIMgobblechars with sig. 'm' on line 206.
.................................................
))
.................................................
. xsim info: "loading-module"
. 
. Loading module `solutions' ...
.................................................

(/usr/share/texlive/texmf-dist/tex/latex/xsim/xsim.solutions.code.tex
File: xsim.solutions.code.tex 2018/02/12 v0.11 xsim module `solutions' (managin
g solutions)
.................................................
. xsim info: "loading-module"
. 
. Loading module `tags' ...
.................................................

(/usr/share/texlive/texmf-dist/tex/latex/xsim/xsim.tags.code.tex
File: xsim.tags.code.tex 2018/02/12 v0.11 xsim module `tags' (tagging of exerci
ses)
)
\l_xsim_printsolutions_section_int=\count198
\l_xsim_printsolutions_chapter_int=\count199
)
.................................................
. xsim info: "loading-module"
. 
. Loading module `goals' ...
.................................................

(/usr/share/texlive/texmf-dist/tex/latex/xsim/xsim.goals.code.tex
File: xsim.goals.code.tex 2018/02/12 v0.11 xsim module `goals' (counting of poi
nts and bonus points)
)
.................................................
. xsim info: "loading-module"
. 
. Loading module `collections' ...
.................................................

(/usr/share/texlive/texmf-dist/tex/latex/xsim/xsim.collections.code.tex
File: xsim.collections.code.tex 2018/02/12 v0.11 xsim module `collections' (col
lect exercises and print collected exercises)
)
\g_xsim_id_int=\count266
\g_xsim_max_id_int=\count267

(/usr/share/texlive/texmf-dist/tex/latex/etoolbox/etoolbox.sty
Package: etoolbox 2018/02/11 v2.5e e-TeX tools for LaTeX (JAW)
\etb@tempcnta=\count268
))
.................................................
. xsim info: "loading-module"
. 
. Loading module `blanks' ...
.................................................

(/usr/share/texlive/texmf-dist/tex/latex/xsim/xsim.blanks.code.tex
File: xsim.blanks.code.tex 2018/02/12 v0.11 xsim module `blanks' (add blanks, c
loze)
\l__xsim_blank_dim=\dimen158
\l__xsim_blank_line_increment_dim=\dimen159
\l__xsim_blank_line_minimum_length_dim=\dimen160
\l__xsim_blank_box=\box48
)
.................................................
. xsim info: "loading-module"
. 
. Loading module `translations' ...
.................................................

(/usr/share/texlive/texmf-dist/tex/latex/xsim/xsim.translations.code.tex
File: xsim.translations.code.tex 2018/02/12 v0.11 xsim module `translations' (l
anguage settings for XSIM)

(/usr/share/texlive/texmf-dist/tex/latex/translations/translations.sty
Package: translations 2017/08/31 v1.7a internationalization of LaTeX2e packages
 (CN)

(/usr/share/texlive/texmf-dist/tex/generic/oberdiek/pdftexcmds.sty
Package: pdftexcmds 2018/01/21 v0.26 Utility functions of pdfTeX for LuaTeX (HO
)

(/usr/share/texlive/texmf-dist/tex/generic/oberdiek/infwarerr.sty
Package: infwarerr 2016/05/16 v1.4 Providing info/warning/error messages (HO)
)
(/usr/share/texlive/texmf-dist/tex/generic/oberdiek/ifluatex.sty
Package: ifluatex 2016/05/16 v1.4 Provides the ifluatex switch (HO)
Package ifluatex Info: LuaTeX not detected.
)
(/usr/share/texlive/texmf-dist/tex/generic/oberdiek/ltxcmds.sty
Package: ltxcmds 2016/05/16 v1.23 LaTeX kernel commands for general use (HO)
)
Package pdftexcmds Info: LuaTeX not detected.
Package pdftexcmds Info: \pdf@primitive is available.
Package pdftexcmds Info: \pdf@ifprimitive is available.
Package pdftexcmds Info: \pdfdraftmode found.
)))
.................................................
. xsim info: "loading-module"
. 
. Loading module `interface' ...
.................................................

(/usr/share/texlive/texmf-dist/tex/latex/xsim/xsim.interface.code.tex
File: xsim.interface.code.tex 2018/02/12 v0.11 xsim module `interface' (user in
terface)
.................................................
. LaTeX info: "xparse/define-command"
. 
. Defining command \DeclareExerciseEnvironmentTemplate with sig. 'm+m+m' on
. line 31.
.................................................
.................................................
. LaTeX info: "xparse/define-command"
. 
. Defining command \DeclareExerciseHeadingTemplate with sig. 'm+m' on line 35.
.................................................
.................................................
. LaTeX info: "xparse/define-command"
. 
. Defining command \DeclareExerciseTableTemplate with sig. 'm+m' on line 39.
.................................................
.................................................
. LaTeX info: "xparse/define-command"
. 
. Defining command \UseExerciseTemplate with sig. 'mm' on line 43.
.................................................
.................................................
. LaTeX info: "xparse/define-command"
. 
. Defining command \DeclareExerciseType with sig. 'mm' on line 48.
.................................................
.................................................
. LaTeX info: "xparse/define-command"
. 
. Defining command \numberofusedexercises with sig. '' on line 52.
.................................................
.................................................
. LaTeX info: "xparse/define-command"
. 
. Defining command \IfExistSolutionTF with sig. '+m+m' on line 57.
.................................................
.................................................
. LaTeX info: "xparse/define-command"
. 
. Defining command \IfExistSolutionT with sig. '+m' on line 60.
.................................................
.................................................
. LaTeX info: "xparse/define-command"
. 
. Defining command \IfExistSolutionF with sig. '+m' on line 63.
.................................................
.................................................
. LaTeX info: "xparse/define-command"
. 
. Defining command \IfInsideSolutionTF with sig. '+m+m' on line 66.
.................................................
.................................................
. LaTeX info: "xparse/define-command"
. 
. Defining command \IfInsideSolutionT with sig. '+m' on line 69.
.................................................
.................................................
. LaTeX info: "xparse/define-command"
. 
. Defining command \IfInsideSolutionF with sig. '+m' on line 72.
.................................................
.................................................
. LaTeX info: "xparse/define-command"
. 
. Defining command \IfSolutionPrintTF with sig. '+m+m' on line 75.
.................................................
.................................................
. LaTeX info: "xparse/define-command"
. 
. Defining command \IfSolutionPrintT with sig. '+m' on line 78.
.................................................
.................................................
. LaTeX info: "xparse/define-command"
. 
. Defining command \IfSolutionPrintF with sig. '+m' on line 81.
.................................................
.................................................
. LaTeX info: "xparse/define-command"
. 
. Defining command \DeclareExerciseProperty with sig. 't!st-m' on line 142.
.................................................
.................................................
. LaTeX info: "xparse/define-command"
. 
. Defining command \DeclareExercisePropertyAlias with sig. 'mm' on line 146.
.................................................
.................................................
. LaTeX info: "xparse/define-command"
. 
. Defining command \SetExerciseProperty with sig. 'm+m' on line 150.
.................................................
.................................................
. LaTeX info: "xparse/define-command"
. 
. Defining command \SetExpandedExerciseProperty with sig. 'm+m' on line 153.
.................................................
.................................................
. LaTeX info: "xparse/define-command"
. 
. Defining command \ExerciseSetProperty with sig. 'mmm+m' on line 156.
.................................................
.................................................
. LaTeX info: "xparse/define-command"
. 
. Defining command \ExerciseSetExpandedProperty with sig. 'mmm+m' on line 159.
.................................................
.................................................
. LaTeX info: "xparse/define-command"
. 
. Defining command \IfExercisePropertyExistTF with sig. '+m+m+m' on line 162.
.................................................
.................................................
. LaTeX info: "xparse/define-command"
. 
. Defining command \IfExercisePropertyExistT with sig. '+m+m' on line 165.
.................................................
.................................................
. LaTeX info: "xparse/define-command"
. 
. Defining command \IfExercisePropertyExistF with sig. '+m+m' on line 168.
.................................................
.................................................
. LaTeX info: "xparse/define-command"
. 
. Defining command \IfExercisePropertySetTF with sig. 'm+m+m' on line 171.
.................................................
.................................................
. LaTeX info: "xparse/define-command"
. 
. Defining command \IfExercisePropertySetT with sig. 'm+m' on line 174.
.................................................
.................................................
. LaTeX info: "xparse/define-command"
. 
. Defining command \IfExercisePropertySetF with sig. 'm+m' on line 177.
.................................................
.................................................
. LaTeX info: "xparse/define-command"
. 
. Defining command \GetExerciseProperty with sig. 'm' on line 180.
.................................................
.................................................
. LaTeX info: "xparse/define-command"
. 
. Defining command \GetExerciseAliasProperty with sig. 'm' on line 188.
.................................................
.................................................
. LaTeX info: "xparse/define-command"
. 
. Defining command \GetExercisePropertyTF with sig. 'm+m+m' on line 195.
.................................................
.................................................
. LaTeX info: "xparse/define-command"
. 
. Defining command \GetExercisePropertyT with sig. 'm+m' on line 198.
.................................................
.................................................
. LaTeX info: "xparse/define-command"
. 
. Defining command \GetExercisePropertyF with sig. 'm+m+m' on line 200.
.................................................
.................................................
. LaTeX info: "xparse/define-command"
. 
. Defining command \GetExerciseIdForProperty with sig. 'mm' on line 203.
.................................................
.................................................
. LaTeX info: "xparse/define-command"
. 
. Defining command \GetExerciseTypeForProperty with sig. 'mm' on line 206.
.................................................
.................................................
. LaTeX info: "xparse/define-command"
. 
. Defining command \IfExerciseBooleanPropertyTF with sig. '+m+m+m' on line
. 213.
.................................................
.................................................
. LaTeX info: "xparse/define-command"
. 
. Defining command \IfExerciseBooleanPropertyT with sig. '+m+m' on line 216.
.................................................
.................................................
. LaTeX info: "xparse/define-command"
. 
. Defining command \IfExerciseBooleanPropertyF with sig. '+m+m' on line 218.
.................................................
.................................................
. LaTeX info: "xparse/define-command"
. 
. Defining command \SaveExerciseProperty with sig. 'mm' on line 221.
.................................................
.................................................
. LaTeX info: "xparse/define-command"
. 
. Defining command \GlobalSaveExerciseProperty with sig. 'mm' on line 224.
.................................................
.................................................
. LaTeX info: "xparse/define-command"
. 
. Defining command \DeclareExerciseParameter with sig. 'st!m' on line 241.
.................................................
.................................................
. LaTeX info: "xparse/define-command"
. 
. Defining command \GetExerciseParameter with sig. 'm' on line 244.
.................................................
.................................................
. LaTeX info: "xparse/define-command"
. 
. Defining command \SetExerciseParameter with sig. 'mmm' on line 247.
.................................................
.................................................
. LaTeX info: "xparse/define-command"
. 
. Defining command \SetExerciseParameters with sig. 'mm' on line 250.
.................................................
.................................................
. LaTeX info: "xparse/define-command"
. 
. Defining command \GetExerciseName with sig. '' on line 257.
.................................................
.................................................
. LaTeX info: "xparse/define-command"
. 
. Defining command \GetExerciseBody with sig. 'm' on line 260.
.................................................
.................................................
. LaTeX info: "xparse/define-command"
. 
. Defining command \IfExerciseParameterSetTF with sig. '+m+m+m' on line 263.
.................................................
.................................................
. LaTeX info: "xparse/define-command"
. 
. Defining command \IfExerciseParameterSetT with sig. '+m+m' on line 266.
.................................................
.................................................
. LaTeX info: "xparse/define-command"
. 
. Defining command \IfExerciseParameterSetF with sig. '+m+m' on line 269.
.................................................
.................................................
. LaTeX info: "xparse/define-command"
. 
. Defining command \ExerciseParameterIfSetTF with sig. '+m+m+m+m' on line 272.
.................................................
.................................................
. LaTeX info: "xparse/define-command"
. 
. Defining command \ExerciseParameterIfSetT with sig. '+m+m+m' on line 275.
.................................................
.................................................
. LaTeX info: "xparse/define-command"
. 
. Defining command \ExerciseParameterIfSetF with sig. '+m+m+m' on line 278.
.................................................
.................................................
. LaTeX info: "xparse/define-command"
. 
. Defining command \GetExerciseParameterTF with sig. 'm+m+m' on line 281.
.................................................
.................................................
. LaTeX info: "xparse/define-command"
. 
. Defining command \GetExerciseParameterT with sig. 'm+m' on line 284.
.................................................
.................................................
. LaTeX info: "xparse/define-command"
. 
. Defining command \GetExerciseParameterF with sig. 'm+m+m' on line 287.
.................................................
.................................................
. LaTeX info: "xparse/define-command"
. 
. Defining command \ExercisePropertyIfSetTF with sig. 'mmm+m+m' on line 292.
.................................................
.................................................
. LaTeX info: "xparse/define-command"
. 
. Defining command \ExercisePropertyIfSetT with sig. 'mmm+m' on line 295.
.................................................
.................................................
. LaTeX info: "xparse/define-command"
. 
. Defining command \ExercisePropertyIfSetF with sig. 'mmm+m' on line 298.
.................................................
.................................................
. LaTeX info: "xparse/define-command"
. 
. Defining command \ExercisePropertyGet with sig. 'mmm' on line 301.
.................................................
.................................................
. LaTeX info: "xparse/define-command"
. 
. Defining command \ExercisePropertyGetAlias with sig. 'mm' on line 304.
.................................................
.................................................
. LaTeX info: "xparse/define-command"
. 
. Defining command \ExercisePropertySave with sig. 'mmmm' on line 307.
.................................................
.................................................
. LaTeX info: "xparse/define-command"
. 
. Defining command \ExercisePropertyGlobalSave with sig. 'mmmm' on line 310.
.................................................
.................................................
. LaTeX info: "xparse/define-command"
. 
. Defining command \ExerciseParameterGet with sig. 'mm' on line 313.
.................................................
.................................................
. LaTeX info: "xparse/define-command"
. 
. Defining command \XSIMtranslate with sig. 'm' on line 318.
.................................................
.................................................
. LaTeX info: "xparse/define-command"
. 
. Defining command \XSIMexpandcode with sig. '+m' on line 321.
.................................................
.................................................
. LaTeX info: "xparse/define-command"
. 
. Defining command \XSIMmixedcase with sig. 'm' on line 324.
.................................................
.................................................
. LaTeX info: "xparse/define-command"
. 
. Defining command \XSIMputright with sig. 'mm' on line 327.
.................................................
.................................................
. LaTeX info: "xparse/define-command"
. 
. Defining command \XSIMifeqTF with sig. '+m+m+m+m' on line 330.
.................................................
.................................................
. LaTeX info: "xparse/define-command"
. 
. Defining command \XSIMifeqT with sig. '+m+m+m' on line 333.
.................................................
.................................................
. LaTeX info: "xparse/define-command"
. 
. Defining command \XSIMifeqF with sig. '+m+m+m' on line 336.
.................................................
.................................................
. LaTeX info: "xparse/define-command"
. 
. Defining command \XSIMifblankTF with sig. '+m+m+m' on line 339.
.................................................
.................................................
. LaTeX info: "xparse/define-command"
. 
. Defining command \XSIMifblankT with sig. '+m+m' on line 342.
.................................................
.................................................
. LaTeX info: "xparse/define-command"
. 
. Defining command \XSIMifblankF with sig. '+m+m' on line 345.
.................................................
.................................................
. LaTeX info: "xparse/define-command"
. 
. Defining command \DeclareExerciseGoal with sig. 'm' on line 350.
.................................................
.................................................
. LaTeX info: "xparse/define-command"
. 
. Defining command \IfExerciseGoalTF with sig. 'mm+m+m' on line 359.
.................................................
.................................................
. LaTeX info: "xparse/define-command"
. 
. Defining command \IfExerciseGoalT with sig. 'mm+m' on line 362.
.................................................
.................................................
. LaTeX info: "xparse/define-command"
. 
. Defining command \IfExerciseGoalF with sig. 'mm+m' on line 365.
.................................................
.................................................
. LaTeX info: "xparse/define-command"
. 
. Defining command \IfExerciseGoalSingularTF with sig. 'mmm' on line 368.
.................................................
.................................................
. LaTeX info: "xparse/define-command"
. 
. Defining command \IfExerciseGoalSingularT with sig. 'mm' on line 371.
.................................................
.................................................
. LaTeX info: "xparse/define-command"
. 
. Defining command \IfExerciseGoalSingularF with sig. 'mm' on line 374.
.................................................
.................................................
. LaTeX info: "xparse/define-command"
. 
. Defining command \IfExerciseTypeGoalsSumTF with sig. 'mmm+m+m' on line 377.
.................................................
.................................................
. LaTeX info: "xparse/define-command"
. 
. Defining command \IfExerciseTypeGoalsSumT with sig. 'mmm+m' on line 380.
.................................................
.................................................
. LaTeX info: "xparse/define-command"
. 
. Defining command \IfExerciseTypeGoalsSumF with sig. 'mmm+m' on line 383.
.................................................
.................................................
. LaTeX info: "xparse/define-command"
. 
. Defining command \IfExerciseGoalsSumTF with sig. 'mm+m+m' on line 386.
.................................................
.................................................
. LaTeX info: "xparse/define-command"
. 
. Defining command \IfExerciseGoalsSumT with sig. 'mm+m' on line 389.
.................................................
.................................................
. LaTeX info: "xparse/define-command"
. 
. Defining command \IfExerciseGoalsSumF with sig. 'mm+m' on line 392.
.................................................
.................................................
. LaTeX info: "xparse/define-command"
. 
. Defining command \TotalExerciseTypeGoal with sig. 'mmmm' on line 395.
.................................................
.................................................
. LaTeX info: "xparse/define-command"
. 
. Defining command \TotalExerciseTypeGoals with sig. 'mmmm' on line 398.
.................................................
.................................................
. LaTeX info: "xparse/define-command"
. 
. Defining command \TotalExerciseGoal with sig. 'mmm' on line 401.
.................................................
.................................................
. LaTeX info: "xparse/define-command"
. 
. Defining command \TotalExerciseGoals with sig. 'mmm' on line 404.
.................................................
.................................................
. LaTeX info: "xparse/define-command"
. 
. Defining command \AddtoExerciseTypeGoal with sig. 'mmmm' on line 407.
.................................................
.................................................
. LaTeX info: "xparse/define-command"
. 
. Defining command \AddtoExerciseGoal with sig. 'mm' on line 410.
.................................................
.................................................
. LaTeX info: "xparse/define-command"
. 
. Defining command \ExerciseGoalValuePrint with sig. 'mmm' on line 413.
.................................................
.................................................
. LaTeX info: "xparse/define-command"
. 
. Defining command \AddtoExerciseTypeGoalPrint with sig. 'mmmmmm' on line 419.
.................................................
.................................................
. LaTeX info: "xparse/define-command"
. 
. Defining command \AddtoExerciseGoalPrint with sig. 'mmmm' on line 425.
.................................................
.................................................
. LaTeX info: "xparse/define-command"
. 
. Defining command \DeclareGradeDistribution with sig. 'm' on line 429.
.................................................
.................................................
. LaTeX info: "xparse/define-command"
. 
. Defining command \GetGradeRequirementForGoal with sig. 'mmmm' on line 432.
.................................................
.................................................
. LaTeX info: "xparse/define-command"
. 
. Defining command \GetGradeRequirementForGoals with sig. 'mmmm' on line 435.
.................................................
.................................................
. LaTeX info: "xparse/define-command"
. 
. Defining command \GetGradeRequirement with sig. 'mmm' on line 438.
.................................................
.................................................
. LaTeX info: "xparse/define-command"
. 
. Defining command \DeclareExerciseTagging with sig. 'm' on line 443.
.................................................
.................................................
. LaTeX info: "xparse/define-command"
. 
. Defining command \ProvideExerciseTagging with sig. 'm' on line 451.
.................................................
.................................................
. LaTeX info: "xparse/define-command"
. 
. Defining command \ForEachExerciseTag with sig. 'm+m' on line 454.
.................................................
.................................................
. LaTeX info: "xparse/define-command"
. 
. Defining command \ListExerciseTags with sig. 'mm' on line 457.
.................................................
.................................................
. LaTeX info: "xparse/define-command"
. 
. Defining command \UseExerciseTags with sig. 'mmmm' on line 468.
.................................................
.................................................
. LaTeX info: "xparse/define-command"
. 
. Defining command \IfExerciseTagSetTF with sig. 'm+m+m' on line 471.
.................................................
.................................................
. LaTeX info: "xparse/define-command"
. 
. Defining command \IfExerciseTagSetT with sig. 'm+m' on line 473.
.................................................
.................................................
. LaTeX info: "xparse/define-command"
. 
. Defining command \IfExerciseTagSetF with sig. 'm+m' on line 475.
.................................................
.................................................
. LaTeX info: "xparse/define-command"
. 
. Defining command \IfExerciseTopicSetTF with sig. 'm+m+m' on line 478.
.................................................
.................................................
. LaTeX info: "xparse/define-command"
. 
. Defining command \IfExerciseTopicSetT with sig. 'm+m' on line 480.
.................................................
.................................................
. LaTeX info: "xparse/define-command"
. 
. Defining command \IfExerciseTopicSetF with sig. 'm+m' on line 482.
.................................................
.................................................
. LaTeX info: "xparse/define-command"
. 
. Defining command \ForEachPrintedExerciseByType with sig. '+m' on line 487.
.................................................
.................................................
. LaTeX info: "xparse/define-command"
. 
. Defining command \ForEachPrintedExerciseByID with sig. '+m' on line 490.
.................................................
.................................................
. LaTeX info: "xparse/define-command"
. 
. Defining command \ForEachUsedExerciseByType with sig. '+m' on line 493.
.................................................
.................................................
. LaTeX info: "xparse/define-command"
. 
. Defining command \ForEachUsedExerciseByID with sig. '+m' on line 496.
.................................................
.................................................
. LaTeX info: "xparse/define-command"
. 
. Defining command \DeclareExerciseTranslations with sig. 'mm' on line 501.
.................................................
.................................................
. LaTeX info: "xparse/define-command"
. 
. Defining command \DeclareExerciseTranslation with sig. 'mmm' on line 505.
.................................................
.................................................
. LaTeX info: "xparse/define-command"
. 
. Defining command \ForEachExerciseTranslation with sig. '+m' on line 509.
.................................................
.................................................
. LaTeX info: "xparse/define-command"
. 
. Defining command \DeclareExerciseCollection with sig. 'm' on line 514.
.................................................
.................................................
. LaTeX info: "xparse/define-command"
. 
. Defining command \collectexercisestype with sig. 'mm' on line 518.
.................................................
.................................................
. LaTeX info: "xparse/define-command"
. 
. Defining command \collectexercises with sig. 'm' on line 521.
.................................................
.................................................
. LaTeX info: "xparse/define-command"
. 
. Defining command \collectexercisesstop with sig. 'm' on line 524.
.................................................
.................................................
. LaTeX info: "xparse/define-command"
. 
. Defining command \printcollection with sig. 'O{}m' on line 527.
.................................................
.................................................
. LaTeX info: "xparse/define-command"
. 
. Defining command \printrandomexercises with sig. 'O{}m' on line 538.
.................................................
.................................................
. LaTeX info: "xparse/define-command"
. 
. Defining command \blank with sig. 'som' on line 558.
.................................................
.................................................
. LaTeX info: "xparse/define-command"
. 
. Defining command \examspace with sig. 'sm' on line 565.
.................................................
.................................................
. LaTeX info: "xparse/define-command"
. 
. Defining command \gradingtable with sig. 'O{}' on line 585.
.................................................
.................................................
. LaTeX info: "xparse/define-command"
. 
. Defining command \printsolution with sig. 'O{}mm' on line 590.
.................................................
.................................................
. LaTeX info: "xparse/define-command"
. 
. Defining command \printexercise with sig. 'O{}mm' on line 593.
.................................................
.................................................
. LaTeX info: "xparse/define-command"
. 
. Defining command \printsolutionstype with sig. 'sO{}m' on line 602.
.................................................
.................................................
. LaTeX info: "xparse/define-command"
. 
. Defining command \printsolutions with sig. 'sO{}' on line 609.
.................................................
.................................................
. LaTeX info: "xparse/define-command"
. 
. Defining command \printallsolutions with sig. 'sO{}' on line 616.
.................................................
.................................................
. LaTeX info: "xparse/define-command"
. 
. Defining command \printforexercises with sig. 'sO{}+mO{}' on line 631.
.................................................
.................................................
. LaTeX info: "xparse/define-command"
. 
. Defining command \xsimsetup with sig. 'm' on line 636.
.................................................
.................................................
. LaTeX info: "xparse/define-command"
. 
. Defining command \XSIMifchapterTF with sig. '+m+m' on line 640.
.................................................
.................................................
. LaTeX info: "xparse/define-command"
. 
. Defining command \XSIMifchapterT with sig. '+m' on line 643.
.................................................
.................................................
. LaTeX info: "xparse/define-command"
. 
. Defining command \XSIMifchapterF with sig. '+m' on line 646.
.................................................
)
.................................................
. xsim info: "loading-module"
. 
. Loading module `grades' ...
.................................................

(/usr/share/texlive/texmf-dist/tex/latex/xsim/xsim.grades.code.tex
File: xsim.grades.code.tex 2018/02/12 v0.11 xsim module `grades' (distribute go
al sums to grades)
)
.................................................
. xsim info: "loading-module"
. 
. Loading module `random' ...
.................................................

(/usr/share/texlive/texmf-dist/tex/latex/xsim/xsim.random.code.tex
File: xsim.random.code.tex 2018/02/12 v0.11 xsim module `random' (randomly sele
ct exercises from collections)
\g__xsim_random_list_id_int=\count269
)
.................................................
. LaTeX info: "xparse/define-command"
. 
. Defining command \printgoal with sig. 'm' on line 86.
.................................................
.................................................
. LaTeX info: "xparse/define-command"
. 
. Defining command \points with sig. 'm' on line 93.
.................................................
.................................................
. LaTeX info: "xparse/define-command"
. 
. Defining command \addpoints with sig. 'sm' on line 99.
.................................................
.................................................
. LaTeX info: "xparse/define-command"
. 
. Defining command \printpoints with sig. 'm' on line 106.
.................................................
.................................................
. LaTeX info: "xparse/define-command"
. 
. Defining command \printtotalpoints with sig. '' on line 113.
.................................................
.................................................
. LaTeX info: "xparse/define-command"
. 
. Defining command \addbonus with sig. 'sm' on line 119.
.................................................
.................................................
. LaTeX info: "xparse/define-command"
. 
. Defining command \printbonus with sig. 'm' on line 126.
.................................................
.................................................
. LaTeX info: "xparse/define-command"
. 
. Defining command \printtotalbonus with sig. '' on line 133.
.................................................
.................................................
. LaTeX info: "xparse/define-command"
. 
. Defining command \pointsforgrade with sig. 'm' on line 141.
.................................................
.................................................
. LaTeX info: "xparse/define-command"
. 
. Defining command \goalsforgrade with sig. 'mm' on line 148.
.................................................
.................................................
. LaTeX info: "xparse/define-command"
. 
. Defining command \totalgoalforgrade with sig. 'm' on line 155.
.................................................
\c@exercise=\count270
\c@solution=\count271
\c@numberofexercises=\count272
.................................................
. LaTeX info: "xparse/define-environment"
. 
. Defining environment 'exercise' with sig. 'o' on line 166.
.................................................
.................................................
. LaTeX info: "xparse/define-environment"
. 
. Defining environment 'solution' with sig. 'o' on line 166.
.................................................

(/usr/share/texlive/texmf-dist/tex/latex/tools/array.sty
Package: array 2016/10/06 v2.4d Tabular extension package (FMi)
\col@sep=\dimen161
\extrarowheight=\dimen162
\NC@list=\toks24
\extratabsurround=\skip53
\backup@length=\skip54
)
(/usr/share/texlive/texmf-dist/tex/latex/booktabs/booktabs.sty
Package: booktabs 2016/04/27 v1.618033 publication quality tables
\heavyrulewidth=\dimen163
\lightrulewidth=\dimen164
\cmidrulewidth=\dimen165
\belowrulesep=\dimen166
\belowbottomsep=\dimen167
\aboverulesep=\dimen168
\abovetopsep=\dimen169
\cmidrulesep=\dimen170
\cmidrulekern=\dimen171
\defaultaddspace=\dimen172
\@cmidla=\count273
\@cmidlb=\count274
\@aboverulesep=\dimen173
\@belowrulesep=\dimen174
\@thisruleclass=\count275
\@lastruleclass=\count276
\@thisrulewidth=\dimen175
)))
(/usr/share/texlive/texmf-dist/tex/latex/setspace/setspace.sty
Package: setspace 2011/12/19 v6.7a set line spacing
)
(/usr/share/texlive/texmf-dist/tex/latex/xcolor/xcolor.sty
Package: xcolor 2016/05/11 v2.12 LaTeX color extensions (UK)

(/usr/share/texlive/texmf-dist/tex/latex/graphics-cfg/color.cfg
File: color.cfg 2016/01/02 v1.6 sample color configuration
)
Package xcolor Info: Driver file: pdftex.def on input line 225.
Package xcolor Info: Model `cmy' substituted by `cmy0' on input line 1348.
Package xcolor Info: Model `hsb' substituted by `rgb' on input line 1352.
Package xcolor Info: Model `RGB' extended on input line 1364.
Package xcolor Info: Model `HTML' substituted by `rgb' on input line 1366.
Package xcolor Info: Model `Hsb' substituted by `hsb' on input line 1367.
Package xcolor Info: Model `tHsb' substituted by `hsb' on input line 1368.
Package xcolor Info: Model `HSB' substituted by `hsb' on input line 1369.
Package xcolor Info: Model `Gray' substituted by `gray' on input line 1370.
Package xcolor Info: Model `wave' substituted by `hsb' on input line 1371.
)
(/usr/share/texlive/texmf-dist/tex/latex/fancyhdr/fancyhdr.sty
Package: fancyhdr 2017/06/30 v3.9a Extensive control of page headers and footer
s
\f@nch@headwidth=\skip55
\f@nch@O@elh=\skip56
\f@nch@O@erh=\skip57
\f@nch@O@olh=\skip58
\f@nch@O@orh=\skip59
\f@nch@O@elf=\skip60
\f@nch@O@erf=\skip61
\f@nch@O@olf=\skip62
\f@nch@O@orf=\skip63
)
(/usr/share/texlive/texmf-dist/tex/latex/needspace/needspace.sty
Package: needspace 2010/09/12 v1.3d reserve vertical space
)
(/usr/share/texlive/texmf-dist/tex/latex/environ/environ.sty
Package: environ 2014/05/04 v0.3 A new way to define environments

(/usr/share/texlive/texmf-dist/tex/latex/trimspaces/trimspaces.sty
Package: trimspaces 2009/09/17 v1.1 Trim spaces around a token list
))
(./cap1TermImp.aux)
\openout1 = `cap1TermImp.aux'.

LaTeX Font Info:    Checking defaults for OML/cmm/m/it on input line 82.
LaTeX Font Info:    ... okay on input line 82.
LaTeX Font Info:    Checking defaults for T1/cmr/m/n on input line 82.
LaTeX Font Info:    ... okay on input line 82.
LaTeX Font Info:    Checking defaults for OT1/cmr/m/n on input line 82.
LaTeX Font Info:    ... okay on input line 82.
LaTeX Font Info:    Checking defaults for OMS/cmsy/m/n on input line 82.
LaTeX Font Info:    ... okay on input line 82.
LaTeX Font Info:    Checking defaults for OMX/cmex/m/n on input line 82.
LaTeX Font Info:    ... okay on input line 82.
LaTeX Font Info:    Checking defaults for U/cmr/m/n on input line 82.
LaTeX Font Info:    ... okay on input line 82.

*geometry* driver: auto-detecting
*geometry* detected driver: pdftex
*geometry* verbose mode - [ preamble ] result:
* driver: pdftex
* paper: a4paper
* layout: <same size as paper>
* layoutoffset:(h,v)=(0.0pt,0.0pt)
* modes: 
* h-part:(L,W,R)=(85.35826pt, 426.79135pt, 85.35826pt)
* v-part:(T,H,B)=(85.35826pt, 674.33032pt, 85.35826pt)
* \paperwidth=597.50787pt
* \paperheight=845.04684pt
* \textwidth=426.79135pt
* \textheight=674.33032pt
* \oddsidemargin=13.08827pt
* \evensidemargin=13.08827pt
* \topmargin=-23.91173pt
* \headheight=12.0pt
* \headsep=25.0pt
* \topskip=12.0pt
* \footskip=30.0pt
* \marginparwidth=44.0pt
* \marginparsep=10.0pt
* \columnsep=10.0pt
* \skip\footins=10.8pt plus 4.0pt minus 2.0pt
* \hoffset=0.0pt
* \voffset=0.0pt
* \mag=1000
* \@twocolumnfalse
* \@twosidefalse
* \@mparswitchfalse
* \@reversemarginfalse
* (1in=72.27pt=25.4mm, 1cm=28.453pt)

(/usr/share/texlive/texmf-dist/tex/context/base/mkii/supp-pdf.mkii
[Loading MPS to PDF converter (version 2006.09.02).]
\scratchcounter=\count277
\scratchdimen=\dimen176
\scratchbox=\box49
\nofMPsegments=\count278
\nofMParguments=\count279
\everyMPshowfont=\toks25
\MPscratchCnt=\count280
\MPscratchDim=\dimen177
\MPnumerator=\count281
\makeMPintoPDFobject=\count282
\everyMPtoPDFconversion=\toks26
) (/usr/share/texlive/texmf-dist/tex/latex/oberdiek/epstopdf-base.sty
Package: epstopdf-base 2016/05/15 v2.6 Base part for package epstopdf

(/usr/share/texlive/texmf-dist/tex/latex/oberdiek/grfext.sty
Package: grfext 2016/05/16 v1.2 Manage graphics extensions (HO)

(/usr/share/texlive/texmf-dist/tex/generic/oberdiek/kvdefinekeys.sty
Package: kvdefinekeys 2016/05/16 v1.4 Define keys (HO)
))
(/usr/share/texlive/texmf-dist/tex/latex/oberdiek/kvoptions.sty
Package: kvoptions 2016/05/16 v3.12 Key value format for package options (HO)

(/usr/share/texlive/texmf-dist/tex/generic/oberdiek/kvsetkeys.sty
Package: kvsetkeys 2016/05/16 v1.17 Key value parser (HO)

(/usr/share/texlive/texmf-dist/tex/generic/oberdiek/etexcmds.sty
Package: etexcmds 2016/05/16 v1.6 Avoid name clashes with e-TeX commands (HO)
Package etexcmds Info: Could not find \expanded.
(etexcmds)             That can mean that you are not using pdfTeX 1.50 or
(etexcmds)             that some package has redefined \expanded.
(etexcmds)             In the latter case, load this package earlier.
)))
Package epstopdf-base Info: Redefining graphics rule for `.eps' on input line 4
38.
Package grfext Info: Graphics extension search list:
(grfext)             [.pdf,.png,.jpg,.mps,.jpeg,.jbig2,.jb2,.PDF,.PNG,.JPG,.JPE
G,.JBIG2,.JB2,.eps]
(grfext)             \AppendGraphicsExtensions on input line 456.

(/usr/share/texlive/texmf-dist/tex/latex/latexconfig/epstopdf-sys.cfg
File: epstopdf-sys.cfg 2010/07/13 v1.3 Configuration of (r)epstopdf for TeX Liv
e
))
[1

{/var/lib/texmf/fonts/map/pdftex/updmap/pdftex.map}] (./cap1TermImp.toc)
\tf@toc=\write3
\openout3 = `cap1TermImp.toc'.


[2]
LaTeX Font Info:    Try loading font information for OMS+cmr on input line 107.

 (/usr/share/texlive/texmf-dist/tex/latex/base/omscmr.fd
File: omscmr.fd 2014/09/29 v2.5h Standard LaTeX font definitions
)
LaTeX Font Info:    Font shape `OMS/cmr/m/n' in size <12> not available
(Font)              Font shape `OMS/cmsy/m/n' tried instead on input line 107.
 [3]
(./bqCap1Term.tex
\l__file_contents_iow=\write4
\openout4 = `cap1TermImp-exercise-1-exercise-body.tex'.

\openout4 = `cap1TermImp-exercise-1-solution-body.tex'.

\openout4 = `cap1TermImp-exercise-2-exercise-body.tex'.

\openout4 = `cap1TermImp-exercise-2-solution-body.tex'.

\openout4 = `cap1TermImp-exercise-3-exercise-body.tex'.

\openout4 = `cap1TermImp-exercise-3-solution-body.tex'.

\openout4 = `cap1TermImp-exercise-4-exercise-body.tex'.

\openout4 = `cap1TermImp-exercise-4-solution-body.tex'.

\openout4 = `cap1TermImp-exercise-5-exercise-body.tex'.

\openout4 = `cap1TermImp-exercise-5-solution-body.tex'.

\openout4 = `cap1TermImp-exercise-6-exercise-body.tex'.

\openout4 = `cap1TermImp-exercise-6-solution-body.tex'.

) (./cap1TermImp-exercise-1-exercise-body.tex)
(./cap1TermImp-exercise-1-exercise-body.tex)
(./cap1TermImp-exercise-1-solution-body.tex)
(./cap1TermImp-exercise-2-exercise-body.tex)
(./cap1TermImp-exercise-2-exercise-body.tex)
(./cap1TermImp-exercise-2-solution-body.tex)
(./cap1TermImp-exercise-3-exercise-body.tex)
(./cap1TermImp-exercise-3-exercise-body.tex)
(./cap1TermImp-exercise-3-solution-body.tex) [4]
(./cap1TermImp-exercise-4-exercise-body.tex)
(./cap1TermImp-exercise-4-exercise-body.tex)
(./cap1TermImp-exercise-4-solution-body.tex)
(./cap1TermImp-exercise-5-exercise-body.tex)
(./cap1TermImp-exercise-5-exercise-body.tex)
(./cap1TermImp-exercise-5-solution-body.tex)
(./cap1TermImp-exercise-6-exercise-body.tex
<graph1.pdf, id=25, 325.215pt x 304.13625pt>
File: graph1.pdf Graphic file (type pdf)
<use graph1.pdf>
Package pdftex.def Info: graph1.pdf  used on input line 13.
(pdftex.def)             Requested size: 97.56525pt x 91.24158pt.
)
(./cap1TermImp-exercise-6-exercise-body.tex)
(./cap1TermImp-exercise-6-solution-body.tex
Underfull \hbox (badness 10000) in paragraph at lines 156--11

 []

[5 <./graph1.pdf>]) (./cap1TermImp-exercise-1-exercise-body.tex)
(./cap1TermImp-exercise-1-solution-body.tex)
(./cap1TermImp-exercise-2-exercise-body.tex)
(./cap1TermImp-exercise-2-solution-body.tex [6])
(./cap1TermImp-exercise-3-exercise-body.tex)
(./cap1TermImp-exercise-3-solution-body.tex)
(./cap1TermImp-exercise-4-exercise-body.tex)
(./cap1TermImp-exercise-4-solution-body.tex)
(./cap1TermImp-exercise-5-exercise-body.tex)
(./cap1TermImp-exercise-5-solution-body.tex)
(./cap1TermImp-exercise-6-exercise-body.tex)
(./cap1TermImp-exercise-6-solution-body.tex
Underfull \hbox (badness 10000) in paragraph at lines 164--11

 []

[7]) [8] (./cap1TermImp.aux) ) 
Here is how much of TeX's memory you used:
 16190 strings out of 494830
 315711 string characters out of 6178379
 392419 words of memory out of 5000000
 19249 multiletter control sequences out of 15000+600000
 539671 words of font info for 45 fonts, out of 8000000 for 9000
 61 hyphenation exceptions out of 8191
 72i,8n,72p,10349b,460s stack positions out of 5000i,500n,10000p,200000b,80000s
 </home/jefferson/.texlive2017/texmf-var/fonts/pk
/ljfour/jknappen/ec/ecbx1200.600pk> </home/jefferson/.texlive2017/texmf-var/fon
ts/pk/ljfour/jknappen/ec/ecbx1728.600pk> </home/jefferson/.texlive2017/texmf-va
r/fonts/pk/ljfour/jknappen/ec/ecrm1200.600pk> </home/jefferson/.texlive2017/tex
mf-var/fonts/pk/ljfour/jknappen/ec/ecrm1440.600pk> </home/jefferson/.texlive201
7/texmf-var/fonts/pk/ljfour/jknappen/ec/ecrm2074.600pk></usr/share/texlive/texm
f-dist/fonts/type1/public/amsfonts/cm/cmmi12.pfb></usr/share/texlive/texmf-dist
/fonts/type1/public/amsfonts/cm/cmmi8.pfb></usr/share/texlive/texmf-dist/fonts/
type1/public/amsfonts/cm/cmr12.pfb></usr/share/texlive/texmf-dist/fonts/type1/p
ublic/amsfonts/cm/cmr8.pfb></usr/share/texlive/texmf-dist/fonts/type1/public/am
sfonts/cm/cmsy10.pfb></usr/share/texlive/texmf-dist/fonts/type1/public/amsfonts
/cm/cmsy8.pfb>
Output written on cap1TermImp.pdf (8 pages, 120289 bytes).
PDF statistics:
 251 PDF objects out of 1000 (max. 8388607)
 63 compressed objects within 1 object stream
 0 named destinations out of 1000 (max. 500000)
 6 words of extra memory for PDF output out of 10000 (max. 10000000)

